<?xml version="1.0" encoding="UTF-8"?>
<testsuite name="Creacion de clientes en el aplicativo siigo" tests="1" skipped="0" failures="0" errors="0" timestamp="2025-01-20T00:50:52" hostname="DESKTOP-K4UJ5QC" time="34.547">
  <properties/>
  <testcase name="Creacion de cliente exitoso" classname="Creacion de clientes en el aplicativo siigo" time="34.547"/>
  <system-out><![CDATA[?[92m|-- Dado que se ingresa al login del aplicativo?[0m
?[92m|-- Cuando Juan digita el usuario retoautomationsiigo@yopmail.com y la clave T4b4ck0ff1c3P455w0rd658*?[0m
?[92m|---- Juan iniciar sesion?[0m
?[92m|------ Juan enters 'retoautomationsiigo@yopmail.com' into Campo usuario?[0m
?[92m|------ Juan enters 'T4b4ck0ff1c3P455w0rd658*' into Campo clave?[0m
?[92m|------ Juan clicks on Boton de login?[0m
?[92m|-- Y el usuario guarde la informacion del cliente?[0m
?[92m|---- Juan creacion?[0m
?[92m|------ Juan clicks on Boton crear cliente siigo?[0m
?[92m|------ Juan clicks on lista clientes?[0m
?[92m|------ Juan enters 'Hola como estas' into lista clientes?[0m
?[92m|-- Entonces el puede observar que la creacion es exitosa?[0m
]]></system-out>
  <system-err><![CDATA[[Test worker] INFO io.cucumber.core.plugin.SerenityReporter - Running feature from file:///D:/a%20b%20c/siigo/prueba_tecnica/co.com.retosiigo.certificacion/src/test/resources/features/crear_clientes.feature
[Test worker] INFO  - 
  _____   ___   ___   _____     ___   _____     _     ___   _____   ___   ___  
 |_   _| | __| / __| |_   _|   / __| |_   _|   /_\   | _ \ |_   _| | __| |   \ 
   | |   | _|  \__ \   | |     \__ \   | |    / _ \  |   /   | |   | _|  | |) |
   |_|   |___| |___/   |_|     |___/   |_|   /_/ \_\ |_|_\   |_|   |___| |___/ 

Creacion de cliente exitoso(creacion-de-clientes-en-el-aplicativo-siigo;creacion-de-cliente-exitoso)
--------------------------------------------------------------------------------
Starting ChromeDriver 132.0.6834.83 (03d59cf5ecf1d8444838ff9a1e96231304d4ff9c-refs/branch-heads/6834@{#3390}) on port 62108
Only local connections are allowed.
Please see https://chromedriver.chromium.org/security-considerations for suggestions on keeping ChromeDriver safe.
ChromeDriver was started successfully on port 62108.
ene 19, 2025 7:50:54 PM org.openqa.selenium.remote.ProtocolHandshake createSession
INFORMACIÓN: Detected upstream dialect: W3C
ene 19, 2025 7:50:54 PM org.openqa.selenium.devtools.CdpVersionFinder findNearestMatch
ADVERTENCIA: Unable to find an exact match for CDP version 132, so returning the closest version found: a no-op implementation
ene 19, 2025 7:50:54 PM org.openqa.selenium.devtools.CdpVersionFinder findNearestMatch
INFORMACIÓN: Unable to find CDP implementation matching 132.
ene 19, 2025 7:50:54 PM org.openqa.selenium.chromium.ChromiumDriver lambda$new$3
ADVERTENCIA: Unable to find version of CDP to use for . You may need to include a dependency on a specific version of the CDP using something similar to `org.seleniumhq.selenium:selenium-devtools-v86:4.4.0` where the version ("v86") matches the version of the chromium-based browser you're using and the version number of the artifact is the same as Selenium's.
[Test worker] INFO  - ?[92m
  _____   ___   ___   _____     ___     _     ___   ___   ___   ___  
 |_   _| | __| / __| |_   _|   | _ \   /_\   / __| / __| | __| |   \ 
   | |   | _|  \__ \   | |     |  _/  / _ \  \__ \ \__ \ | _|  | |) |
   |_|   |___| |___/   |_|     |_|   /_/ \_\ |___/ |___/ |___| |___/ 

Creacion de cliente exitoso
----------------------------------------------------------------------?[0m
]]></system-err>
</testsuite>
